<?xml version="1.0" encoding="UTF-8"?>
<!-- Generated by org.testng.reporters.JUnitReportReporter -->
<testsuite hostname="LAPTOP-338REFB0" failures="0" tests="2" name="Demo2.Test2" time="0.014" errors="0" timestamp="2023-07-20T19:18:01 IST" skipped="0">
  <testcase classname="Demo2.Test2" name="method1" time="0.012"/>
  <testcase classname="Demo2.Test2" name="method2" time="0.002"/>
</testsuite> <!-- Demo2.Test2 -->
