<?xml version="1.0" encoding="UTF-8"?>
<!-- Generated by org.testng.reporters.JUnitReportReporter -->
<testsuite hostname="LAPTOP-338REFB0" failures="0" tests="2" name="Demo2.AnnotationTest2" time="0.001" errors="0" timestamp="2023-07-24T17:59:53 IST" skipped="0">
  <testcase classname="Demo2.AnnotationTest2" name="method1" time="0.000"/>
  <testcase classname="Demo2.AnnotationTest2" name="method2" time="0.001"/>
</testsuite> <!-- Demo2.AnnotationTest2 -->
