<?xml version="1.0" encoding="UTF-8"?>
<!-- Generated by org.testng.reporters.JUnitReportReporter -->
<testsuite hostname="LAPTOP-338REFB0" failures="0" tests="1" name="Demo1.Paramaterization" time="0.012" errors="0" timestamp="2023-07-22T11:08:09 IST" skipped="0">
  <testcase classname="Demo1.Paramaterization" name="method1" time="0.012"/>
</testsuite> <!-- Demo1.Paramaterization -->
