<?xml version="1.0" encoding="UTF-8"?>
<!-- Generated by org.testng.reporters.JUnitReportReporter -->
<testsuite hostname="LAPTOP-338REFB0" failures="0" tests="12" name="Demo1.OtherAnnotations" time="0.015" errors="0" timestamp="2023-07-24T17:59:53 IST" skipped="1">
  <testcase classname="Demo1.OtherAnnotations" name="method1" time="0.001"/>
  <testcase classname="Demo1.OtherAnnotations" name="method1" time="0.001"/>
  <testcase classname="Demo1.OtherAnnotations" name="method2" time="0.005"/>
  <testcase classname="Demo1.OtherAnnotations" name="method1" time="0.001"/>
  <testcase classname="Demo1.OtherAnnotations" name="method1" time="0.001"/>
  <testcase classname="Demo1.OtherAnnotations" name="method1" time="0.001"/>
  <testcase classname="Demo1.OtherAnnotations" name="method1" time="0.000"/>
  <testcase classname="Demo1.OtherAnnotations" name="method1" time="0.002"/>
  <testcase classname="Demo1.OtherAnnotations" name="method1" time="0.001"/>
  <testcase classname="Demo1.OtherAnnotations" name="method1" time="0.001"/>
  <testcase classname="Demo1.OtherAnnotations" name="method1" time="0.001"/>
  <testcase classname="Demo1.OtherAnnotations" name="method3">
    <skipped/>
  </testcase> <!-- method3 -->
</testsuite> <!-- Demo1.OtherAnnotations -->
